<?xml version="1.0" encoding="UTF-8"?>
<testsuite name="com.example.demo.DemoApplicationTests" tests="1" skipped="0" failures="0" errors="0" timestamp="2025-01-16T01:11:09" hostname="CHINAMI-F6KN326" time="0.525">
  <properties/>
  <testcase name="contextLoads()" classname="com.example.demo.DemoApplicationTests" time="0.525"/>
  <system-out><![CDATA[14:11:06.714 [Test worker] INFO org.springframework.test.context.support.AnnotationConfigContextLoaderUtils -- Could not detect default configuration classes for test class [com.example.demo.DemoApplicationTests]: DemoApplicationTests does not declare any static, non-private, non-final, nested classes annotated with @Configuration.
14:11:06.780 [Test worker] INFO org.springframework.boot.test.context.SpringBootTestContextBootstrapper -- Found @SpringBootConfiguration com.example.demo.DemoApplication for test class com.example.demo.DemoApplicationTests

  .   ____          _            __ _ _
 /\\ / ___'_ __ _ _(_)_ __  __ _ \ \ \ \
( ( )\___ | '_ | '_| | '_ \/ _` | \ \ \ \
 \\/  ___)| |_)| | | | | || (_| |  ) ) ) )
  '  |____| .__|_| |_|_| |_\__, | / / / /
 =========|_|==============|___/=/_/_/_/

 :: Spring Boot ::                (v3.4.0)

2025-01-16T14:11:07.043+13:00  INFO 10652 --- [demo] [    Test worker] com.example.demo.DemoApplicationTests    : Starting DemoApplicationTests using Java 17.0.13 with PID 10652 (started by Administrator in C:\Users\Administrator\Documents\NZPMC\project-1\demo\demo)
2025-01-16T14:11:07.044+13:00  INFO 10652 --- [demo] [    Test worker] com.example.demo.DemoApplicationTests    : No active profile set, falling back to 1 default profile: "default"
2025-01-16T14:11:07.444+13:00  INFO 10652 --- [demo] [    Test worker] .s.d.r.c.RepositoryConfigurationDelegate : Bootstrapping Spring Data MongoDB repositories in DEFAULT mode.
2025-01-16T14:11:07.493+13:00  INFO 10652 --- [demo] [    Test worker] .s.d.r.c.RepositoryConfigurationDelegate : Finished Spring Data repository scanning in 45 ms. Found 6 MongoDB repository interfaces.
2025-01-16T14:11:07.836+13:00  INFO 10652 --- [demo] [    Test worker] org.mongodb.driver.client                : MongoClient with metadata {"application": {"name": "NZPMC-Project-1"}, "driver": {"name": "mongo-java-driver|sync|spring-boot", "version": "5.2.1"}, "os": {"type": "Windows", "name": "Windows 10", "architecture": "amd64", "version": "10.0"}, "platform": "Java/BellSoft/17.0.13+12-LTS"} created with settings MongoClientSettings{readPreference=primary, writeConcern=WriteConcern{w=majority, wTimeout=null ms, journal=null}, retryWrites=true, retryReads=true, readConcern=ReadConcern{level=null}, credential=MongoCredential{mechanism=null, userName='admin', source='admin', password=<hidden>, mechanismProperties=<hidden>}, transportSettings=null, commandListeners=[], codecRegistry=ProvidersCodecRegistry{codecProviders=[ValueCodecProvider{}, BsonValueCodecProvider{}, DBRefCodecProvider{}, DBObjectCodecProvider{}, DocumentCodecProvider{}, CollectionCodecProvider{}, IterableCodecProvider{}, MapCodecProvider{}, GeoJsonCodecProvider{}, GridFSFileCodecProvider{}, Jsr310CodecProvider{}, JsonObjectCodecProvider{}, BsonCodecProvider{}, EnumCodecProvider{}, com.mongodb.client.model.mql.ExpressionCodecProvider@560271a1, com.mongodb.Jep395RecordCodecProvider@4b9c411, com.mongodb.KotlinCodecProvider@41e9f86]}, loggerSettings=LoggerSettings{maxDocumentLength=1000}, clusterSettings={hosts=[127.0.0.1:27017], srvHost=nzpmc-project-1.5jamu.mongodb.net, srvServiceName=mongodb, mode=MULTIPLE, requiredClusterType=REPLICA_SET, requiredReplicaSetName='atlas-6wen71-shard-0', serverSelector='null', clusterListeners='[]', serverSelectionTimeout='30000 ms', localThreshold='15 ms'}, socketSettings=SocketSettings{connectTimeoutMS=10000, readTimeoutMS=0, receiveBufferSize=0, proxySettings=ProxySettings{host=null, port=null, username=null, password=null}}, heartbeatSocketSettings=SocketSettings{connectTimeoutMS=10000, readTimeoutMS=10000, receiveBufferSize=0, proxySettings=ProxySettings{host=null, port=null, username=null, password=null}}, connectionPoolSettings=ConnectionPoolSettings{maxSize=100, minSize=0, maxWaitTimeMS=120000, maxConnectionLifeTimeMS=0, maxConnectionIdleTimeMS=0, maintenanceInitialDelayMS=0, maintenanceFrequencyMS=60000, connectionPoolListeners=[], maxConnecting=2}, serverSettings=ServerSettings{heartbeatFrequencyMS=10000, minHeartbeatFrequencyMS=500, serverMonitoringMode=AUTO, serverListeners='[]', serverMonitorListeners='[]'}, sslSettings=SslSettings{enabled=true, invalidHostNameAllowed=false, context=null}, applicationName='NZPMC-Project-1', compressorList=[], uuidRepresentation=JAVA_LEGACY, serverApi=null, autoEncryptionSettings=null, dnsClient=null, inetAddressResolver=null, contextProvider=null, timeoutMS=null}
2025-01-16T14:11:07.867+13:00  INFO 10652 --- [demo] [amu.mongodb.net] org.mongodb.driver.cluster               : Adding discovered server nzpmc-project-1-shard-00-01.5jamu.mongodb.net:27017 to client view of cluster
2025-01-16T14:11:07.884+13:00  INFO 10652 --- [demo] [amu.mongodb.net] org.mongodb.driver.cluster               : Adding discovered server nzpmc-project-1-shard-00-02.5jamu.mongodb.net:27017 to client view of cluster
2025-01-16T14:11:07.886+13:00  INFO 10652 --- [demo] [amu.mongodb.net] org.mongodb.driver.cluster               : Adding discovered server nzpmc-project-1-shard-00-00.5jamu.mongodb.net:27017 to client view of cluster
2025-01-16T14:11:08.244+13:00  INFO 10652 --- [demo] [ngodb.net:27017] org.mongodb.driver.cluster               : Monitor thread successfully connected to server with description ServerDescription{address=nzpmc-project-1-shard-00-02.5jamu.mongodb.net:27017, type=REPLICA_SET_SECONDARY, cryptd=false, state=CONNECTED, ok=true, minWireVersion=0, maxWireVersion=25, maxDocumentSize=16777216, logicalSessionTimeoutMinutes=30, roundTripTimeNanos=192255200, minRoundTripTimeNanos=0, setName='atlas-6wen71-shard-0', canonicalAddress=nzpmc-project-1-shard-00-02.5jamu.mongodb.net:27017, hosts=[nzpmc-project-1-shard-00-02.5jamu.mongodb.net:27017, nzpmc-project-1-shard-00-01.5jamu.mongodb.net:27017, nzpmc-project-1-shard-00-00.5jamu.mongodb.net:27017], passives=[], arbiters=[], primary='nzpmc-project-1-shard-00-01.5jamu.mongodb.net:27017', tagSet=TagSet{[Tag{name='availabilityZone', value='apse2-az2'}, Tag{name='diskState', value='READY'}, Tag{name='nodeType', value='ELECTABLE'}, Tag{name='provider', value='AWS'}, Tag{name='region', value='AP_SOUTHEAST_2'}, Tag{name='workloadType', value='OPERATIONAL'}]}, electionId=null, setVersion=1, topologyVersion=TopologyVersion{processId=677ff093a250997c068fd629, counter=3}, lastWriteDate=Thu Jan 16 14:11:06 NZDT 2025, lastUpdateTimeNanos=106257294870200}
2025-01-16T14:11:08.244+13:00  INFO 10652 --- [demo] [ngodb.net:27017] org.mongodb.driver.cluster               : Monitor thread successfully connected to server with description ServerDescription{address=nzpmc-project-1-shard-00-00.5jamu.mongodb.net:27017, type=REPLICA_SET_SECONDARY, cryptd=false, state=CONNECTED, ok=true, minWireVersion=0, maxWireVersion=25, maxDocumentSize=16777216, logicalSessionTimeoutMinutes=30, roundTripTimeNanos=196257500, minRoundTripTimeNanos=0, setName='atlas-6wen71-shard-0', canonicalAddress=nzpmc-project-1-shard-00-00.5jamu.mongodb.net:27017, hosts=[nzpmc-project-1-shard-00-02.5jamu.mongodb.net:27017, nzpmc-project-1-shard-00-01.5jamu.mongodb.net:27017, nzpmc-project-1-shard-00-00.5jamu.mongodb.net:27017], passives=[], arbiters=[], primary='nzpmc-project-1-shard-00-01.5jamu.mongodb.net:27017', tagSet=TagSet{[Tag{name='availabilityZone', value='apse2-az1'}, Tag{name='diskState', value='READY'}, Tag{name='nodeType', value='ELECTABLE'}, Tag{name='provider', value='AWS'}, Tag{name='region', value='AP_SOUTHEAST_2'}, Tag{name='workloadType', value='OPERATIONAL'}]}, electionId=null, setVersion=1, topologyVersion=TopologyVersion{processId=677fea56c1d5f2ad5b349f26, counter=4}, lastWriteDate=Thu Jan 16 14:11:06 NZDT 2025, lastUpdateTimeNanos=106257294870200}
2025-01-16T14:11:08.244+13:00  INFO 10652 --- [demo] [ngodb.net:27017] org.mongodb.driver.cluster               : Monitor thread successfully connected to server with description ServerDescription{address=nzpmc-project-1-shard-00-01.5jamu.mongodb.net:27017, type=REPLICA_SET_PRIMARY, cryptd=false, state=CONNECTED, ok=true, minWireVersion=0, maxWireVersion=25, maxDocumentSize=16777216, logicalSessionTimeoutMinutes=30, roundTripTimeNanos=193442400, minRoundTripTimeNanos=0, setName='atlas-6wen71-shard-0', canonicalAddress=nzpmc-project-1-shard-00-01.5jamu.mongodb.net:27017, hosts=[nzpmc-project-1-shard-00-02.5jamu.mongodb.net:27017, nzpmc-project-1-shard-00-01.5jamu.mongodb.net:27017, nzpmc-project-1-shard-00-00.5jamu.mongodb.net:27017], passives=[], arbiters=[], primary='nzpmc-project-1-shard-00-01.5jamu.mongodb.net:27017', tagSet=TagSet{[Tag{name='availabilityZone', value='apse2-az3'}, Tag{name='diskState', value='READY'}, Tag{name='nodeType', value='ELECTABLE'}, Tag{name='provider', value='AWS'}, Tag{name='region', value='AP_SOUTHEAST_2'}, Tag{name='workloadType', value='OPERATIONAL'}]}, electionId=7fffffff000000000000000a, setVersion=1, topologyVersion=TopologyVersion{processId=677fed68112a30e48cfd3d23, counter=6}, lastWriteDate=Thu Jan 16 14:11:06 NZDT 2025, lastUpdateTimeNanos=106257294870100}
2025-01-16T14:11:08.247+13:00  INFO 10652 --- [demo] [ngodb.net:27017] org.mongodb.driver.cluster               : Discovered replica set primary nzpmc-project-1-shard-00-01.5jamu.mongodb.net:27017 with max election id 7fffffff000000000000000a and max set version 1
2025-01-16T14:11:08.302+13:00  INFO 10652 --- [demo] [    Test worker] eAuthenticationProviderManagerConfigurer : Global AuthenticationManager configured with AuthenticationProvider bean with name authenticationProvider
2025-01-16T14:11:08.302+13:00  WARN 10652 --- [demo] [    Test worker] r$InitializeUserDetailsManagerConfigurer : Global AuthenticationManager configured with an AuthenticationProvider bean. UserDetailsService beans will not be used by Spring Security for automatically configuring username/password login. Consider removing the AuthenticationProvider bean. Alternatively, consider using the UserDetailsService in a manually instantiated DaoAuthenticationProvider. If the current configuration is intentional, to turn off this warning, increase the logging level of 'org.springframework.security.config.annotation.authentication.configuration.InitializeUserDetailsBeanManagerConfigurer' to ERROR
com.example.demo.models.Role@7af9595d
com.example.demo.models.Role@7a34c1f6
2025-01-16T14:11:09.024+13:00  INFO 10652 --- [demo] [    Test worker] com.example.demo.DemoApplicationTests    : Started DemoApplicationTests in 2.136 seconds (process running for 2.812)
]]></system-out>
  <system-err><![CDATA[]]></system-err>
</testsuite>
